/*C4*/SET SCHEMA PUBLIC
DELETE FROM ADM_USER WHERE USER_ID='umaq01' AND HEALTH_FACILITY_CODE='Klinik UTeM Induk' AND PASSWORD='abc123' AND USER_NAME='Umaq Mukhtar' AND OCCUPATION_CODE='SYSTEM ADMINISTRATOR' AND BIRTH_DATE='1989-10-31' AND SEX_CODE='Male' AND NEW_ICNO='891031065213' AND HOME_PHONE='-' AND OFFICE_PHONE='-' AND MOBILE_PHONE='-' AND LOGIN_STATUS='1' AND USER_STATUS='1' AND E_MAIL='-' AND ID_CATEGORY_CODE='Fixed' AND START_DATE='2015-06-02' AND END_DATE='2020-06-02' AND ROOM_NO='3' AND HFC_CD='-'
COMMIT
DELETE FROM ADM_USER_ACCESS WHERE HEALTH_FACILITY_CODE='Klinik UTeM Induk' AND USER_ID='umaq01' AND ROLE_CODE='SYSTEM ADMINISTRATOR' AND DISCIPLINE_CODE='-' AND SUBDISCIPLINE_CODE='-'
COMMIT
INSERT INTO ADM_USER VALUES('umaq01','Klinik UTeM Induk','abc123','Umaq Mukhtar','SYSTEM ADMINISTRATOR','1989-10-31','Male','891031065213','-','-','-','1','1','-','Fixed','2015-06-02','2020-06-02','3','-')
COMMIT
INSERT INTO ADM_USER_ACCESS VALUES('Klinik UTeM Induk','umaq01','SYSTEM ADMINISTRATOR','-','-')
COMMIT
DELETE FROM ADM_USER WHERE USER_ID='umaq01' AND HEALTH_FACILITY_CODE='Klinik UTeM Induk' AND PASSWORD='abc123' AND USER_NAME='Umaq Mukhtar' AND OCCUPATION_CODE='SYSTEM ADMINISTRATOR' AND BIRTH_DATE='1989-10-31' AND SEX_CODE='Male' AND NEW_ICNO='891031065213' AND HOME_PHONE='-' AND OFFICE_PHONE='-' AND MOBILE_PHONE='-' AND LOGIN_STATUS='1' AND USER_STATUS='1' AND E_MAIL='-' AND ID_CATEGORY_CODE='Fixed' AND START_DATE='2015-06-02' AND END_DATE='2020-06-02' AND ROOM_NO='3' AND HFC_CD='-'
INSERT INTO ADM_USER VALUES('umaq01','Klinik UTeM Induk','3','Umaq Mukhtar','SYSTEM ADMINISTRATOR','1989-10-31','Male','891031065213','-','-','-','1','1','-','Fixed','2015-06-02','2020-06-02','3','-')
COMMIT
DELETE FROM ADM_USER WHERE USER_ID='umaq01' AND HEALTH_FACILITY_CODE='Klinik UTeM Induk' AND PASSWORD='3' AND USER_NAME='Umaq Mukhtar' AND OCCUPATION_CODE='SYSTEM ADMINISTRATOR' AND BIRTH_DATE='1989-10-31' AND SEX_CODE='Male' AND NEW_ICNO='891031065213' AND HOME_PHONE='-' AND OFFICE_PHONE='-' AND MOBILE_PHONE='-' AND LOGIN_STATUS='1' AND USER_STATUS='1' AND E_MAIL='-' AND ID_CATEGORY_CODE='Fixed' AND START_DATE='2015-06-02' AND END_DATE='2020-06-02' AND ROOM_NO='3' AND HFC_CD='-'
COMMIT
DELETE FROM ADM_USER_ACCESS WHERE HEALTH_FACILITY_CODE='Klinik UTeM Induk' AND USER_ID='umaq01' AND ROLE_CODE='SYSTEM ADMINISTRATOR' AND DISCIPLINE_CODE='-' AND SUBDISCIPLINE_CODE='-'
COMMIT
INSERT INTO ADM_USER VALUES('umaq01','Klinik UTeM Induk','3','Umaq Mukhtar','SYSTEM ADMINISTRATOR','1989-10-31','Male','891031065213','-','-','-','1','1','-','Fixed','2015-06-02','2020-06-02','3','-')
COMMIT
INSERT INTO ADM_USER_ACCESS VALUES('Klinik UTeM Induk','umaq01','SYSTEM ADMINISTRATOR','-','-')
COMMIT
INSERT INTO ADM_USER VALUES('00717','Klinik UTeM Induk','123','DR. MOHD KHANAPI BIN ABD GHANI','SYSTEM ADMINISTRATOR','1966-02-06','Male','660206015261','-','-','-','1','1','khanapi@utem.edu.my','Fixed','2016-09-01','3000-09-01','1','Klinik UTeM Induk')
COMMIT
INSERT INTO ADM_USER_ACCESS VALUES('Klinik UTeM Induk','00717','SYSTEM ADMINISTRATOR','-','-')
COMMIT
