/*C5*/SET SCHEMA PUBLIC
INSERT INTO LOG_AUDIT VALUES(618079,'2013-05-28 22:34:51.177000','Online')
COMMIT
INSERT INTO LOG_AUDIT VALUES(618080,'2013-05-28 22:34:56.122000','Online')
COMMIT
INSERT INTO LOG_AUDIT VALUES(618081,'2013-05-28 22:34:58.467000','Online')
COMMIT
/*C6*/SET SCHEMA PUBLIC
INSERT INTO PMS_EPISODE VALUES('PMS10013','28/05/2013','umar mukhtar','891031065213','-','-','-','-','Specialist Outpatient','Walk-in','-','Public','Student','Outpatient Discipline','-','Consultation Room 5','-','-','Normal','No','-','-','-','No','-','-','-',' 22:35:25','Waiting',NULL)
COMMIT
INSERT INTO LOG_AUDIT VALUES(618082,'2013-05-28 22:35:36.995000','Online')
COMMIT
INSERT INTO LOG_AUDIT VALUES(618083,'2013-05-28 22:37:26.735000','Online')
COMMIT
DELETE FROM PMS_EPISODE WHERE PMI_NO='PMS10013' AND EPISODE_DATE='28/05/2013' AND EPISODE_TIME=' 22:35:25'
INSERT INTO PMS_EPISODE VALUES('PMS10013','28/05/2013','umar mukhtar','891031065213','-','-','-','-','Specialist Outpatient','Walk-in','-','Public','Student','Outpatient Discipline','-','Consultation Room 5','-','-','Normal','No','-','-','-','No','-','-','-',' 22:35:25','Consult',NULL)
COMMIT
INSERT INTO LOG_AUDIT VALUES(618084,'2013-05-28 22:37:32.506000','Online')
COMMIT
/*C1*/SET SCHEMA SYSTEM_LOBS
INSERT INTO LOB_IDS VALUES(182,656,2147483647,40)
ALTER SEQUENCE SYSTEM_LOBS.LOB_ID RESTART WITH 183
COMMIT
DELETE FROM BLOCKS WHERE BLOCK_ADDR=181
INSERT INTO BLOCKS VALUES(181,1,0)
INSERT INTO BLOCKS VALUES(182,2147483465,0)
DELETE FROM BLOCKS WHERE BLOCK_ADDR=181
INSERT INTO LOBS VALUES(181,1,0,182)
COMMIT
/*C6*/INSERT INTO JOURNAL_FILE VALUES(10093,'PMS10013','2013-05-28 22:38:50.000000',182,'O',1)
SET SCHEMA SYSTEM_LOBS
DELETE FROM LOB_IDS WHERE LOB_ID=182
INSERT INTO LOB_IDS VALUES(182,656,1,40)
COMMIT
/*C1*/INSERT INTO LOB_IDS VALUES(183,656,2147483647,40)
ALTER SEQUENCE SYSTEM_LOBS.LOB_ID RESTART WITH 184
COMMIT
DELETE FROM BLOCKS WHERE BLOCK_ADDR=182
INSERT INTO BLOCKS VALUES(182,1,0)
INSERT INTO BLOCKS VALUES(183,2147483464,0)
DELETE FROM BLOCKS WHERE BLOCK_ADDR=182
INSERT INTO LOBS VALUES(182,1,0,183)
COMMIT
/*C6*/SET SCHEMA PUBLIC
INSERT INTO EHR_CENTRAL VALUES(10090,'PMS10013','2013-05-28 22:38:52.048000',183,NULL)
SET SCHEMA SYSTEM_LOBS
DELETE FROM LOB_IDS WHERE LOB_ID=183
INSERT INTO LOB_IDS VALUES(183,656,1,40)
COMMIT
SET SCHEMA PUBLIC
DELETE FROM JOURNAL_FILE WHERE TXNCODE=10093
INSERT INTO JOURNAL_FILE VALUES(10093,'PMS10013','2013-05-28 22:38:50.000000',182,'T',1)
SET SCHEMA SYSTEM_LOBS
DELETE FROM LOB_IDS WHERE LOB_ID=182
INSERT INTO LOB_IDS VALUES(182,656,0,40)
DELETE FROM LOB_IDS WHERE LOB_ID=182
INSERT INTO LOB_IDS VALUES(182,656,1,40)
COMMIT
SET SCHEMA PUBLIC
INSERT INTO LOG_AUDIT VALUES(618085,'2013-05-28 22:38:53.189000','Online')
COMMIT
DELETE FROM PMS_EPISODE WHERE PMI_NO='PMS10013' AND EPISODE_DATE='28/05/2013' AND EPISODE_TIME=' 22:35:25'
INSERT INTO PMS_EPISODE VALUES('PMS10013','28/05/2013','umar mukhtar','891031065213','-','-','-','-','Specialist Outpatient','Walk-in','-','Public','Student','Outpatient Discipline','-','Consultation Room 5','-','-','Normal','No','-','-','-','No','-','-','-',' 22:35:25','Discharge',NULL)
COMMIT
INSERT INTO LOG_AUDIT VALUES(618086,'2013-05-28 22:38:54.584000','Online')
COMMIT
INSERT INTO LOG_AUDIT VALUES(618087,'2013-05-28 22:38:54.654000','Online')
COMMIT
INSERT INTO LOG_AUDIT VALUES(618088,'2013-05-28 22:39:56.979000','Online')
COMMIT
INSERT INTO LOG_AUDIT VALUES(618089,'2013-05-28 22:41:25.568000','Online')
COMMIT
/*C7*/SET SCHEMA PUBLIC
INSERT INTO PMS_EPISODE VALUES('PMS10013','28/05/2013','umar mukhtar','891031065213','-','-','-','-','General Outpatient','Walk-in','-','Public','Student','Outpatient Discipline','-','Consultation Room 2','-','-','Normal','No','-','-','-','No','-','-','-',' 22:41:48','Waiting',NULL)
COMMIT
INSERT INTO LOG_AUDIT VALUES(618090,'2013-05-28 22:41:54.976000','Online')
COMMIT
DELETE FROM PMS_EPISODE WHERE PMI_NO='PMS10013' AND EPISODE_DATE='28/05/2013' AND EPISODE_TIME=' 22:41:48'
INSERT INTO PMS_EPISODE VALUES('PMS10013','28/05/2013','umar mukhtar','891031065213','-','-','-','-','General Outpatient','Walk-in','-','Public','Student','Outpatient Discipline','-','Consultation Room 2','-','-','Normal','No','-','-','-','No','-','-','-',' 22:41:48','Consult',NULL)
COMMIT
INSERT INTO LOG_AUDIT VALUES(618091,'2013-05-28 22:42:03.357000','Online')
COMMIT
/*C1*/INSERT INTO LOB_IDS VALUES(184,496,2147483647,40)
ALTER SEQUENCE SYSTEM_LOBS.LOB_ID RESTART WITH 185
COMMIT
DELETE FROM BLOCKS WHERE BLOCK_ADDR=183
INSERT INTO BLOCKS VALUES(183,1,0)
INSERT INTO BLOCKS VALUES(184,2147483463,0)
DELETE FROM BLOCKS WHERE BLOCK_ADDR=183
INSERT INTO LOBS VALUES(183,1,0,184)
COMMIT
/*C7*/INSERT INTO JOURNAL_FILE VALUES(10094,'PMS10013','2013-05-28 22:43:29.000000',184,'O',1)
SET SCHEMA SYSTEM_LOBS
DELETE FROM LOB_IDS WHERE LOB_ID=184
INSERT INTO LOB_IDS VALUES(184,496,1,40)
COMMIT
/*C1*/INSERT INTO LOB_IDS VALUES(185,496,2147483647,40)
ALTER SEQUENCE SYSTEM_LOBS.LOB_ID RESTART WITH 186
COMMIT
DELETE FROM BLOCKS WHERE BLOCK_ADDR=184
INSERT INTO BLOCKS VALUES(184,1,0)
INSERT INTO BLOCKS VALUES(185,2147483462,0)
DELETE FROM BLOCKS WHERE BLOCK_ADDR=184
INSERT INTO LOBS VALUES(184,1,0,185)
COMMIT
/*C7*/SET SCHEMA PUBLIC
INSERT INTO EHR_CENTRAL VALUES(10091,'PMS10013','2013-05-28 22:43:30.648000',185,NULL)
SET SCHEMA SYSTEM_LOBS
DELETE FROM LOB_IDS WHERE LOB_ID=185
INSERT INTO LOB_IDS VALUES(185,496,1,40)
COMMIT
SET SCHEMA PUBLIC
DELETE FROM JOURNAL_FILE WHERE TXNCODE=10094
INSERT INTO JOURNAL_FILE VALUES(10094,'PMS10013','2013-05-28 22:43:29.000000',184,'T',1)
SET SCHEMA SYSTEM_LOBS
DELETE FROM LOB_IDS WHERE LOB_ID=184
INSERT INTO LOB_IDS VALUES(184,496,0,40)
DELETE FROM LOB_IDS WHERE LOB_ID=184
INSERT INTO LOB_IDS VALUES(184,496,1,40)
COMMIT
SET SCHEMA PUBLIC
INSERT INTO LOG_AUDIT VALUES(618092,'2013-05-28 22:43:32.380000','Online')
COMMIT
DELETE FROM PMS_EPISODE WHERE PMI_NO='PMS10013' AND EPISODE_DATE='28/05/2013' AND EPISODE_TIME=' 22:41:48'
INSERT INTO PMS_EPISODE VALUES('PMS10013','28/05/2013','umar mukhtar','891031065213','-','-','-','-','General Outpatient','Walk-in','-','Public','Student','Outpatient Discipline','-','Consultation Room 2','-','-','Normal','No','-','-','-','No','-','-','-',' 22:41:48','Discharge',NULL)
COMMIT
INSERT INTO LOG_AUDIT VALUES(618093,'2013-05-28 22:43:33.543000','Online')
COMMIT
INSERT INTO LOG_AUDIT VALUES(618094,'2013-05-28 22:43:33.624000','Online')
COMMIT
/*C8*/SET SCHEMA PUBLIC
INSERT INTO PMS_EPISODE VALUES('PMS10013','28/05/2013','umar mukhtar','891031065213','-','-','-','-','General Outpatient','Walk-in','-','Public','Student','Outpatient Discipline','-','Consultation Room 2','-','-','Disabled','No','-','-','-','No','-','-','-',' 22:44:46','Waiting',NULL)
COMMIT
INSERT INTO LOG_AUDIT VALUES(618095,'2013-05-28 22:44:52.610000','Online')
COMMIT
DELETE FROM PMS_EPISODE WHERE PMI_NO='PMS10013' AND EPISODE_DATE='28/05/2013' AND EPISODE_TIME=' 22:44:46'
INSERT INTO PMS_EPISODE VALUES('PMS10013','28/05/2013','umar mukhtar','891031065213','-','-','-','-','General Outpatient','Walk-in','-','Public','Student','Outpatient Discipline','-','Consultation Room 2','-','-','Disabled','No','-','-','-','No','-','-','-',' 22:44:46','Consult',NULL)
COMMIT
INSERT INTO LOG_AUDIT VALUES(618096,'2013-05-28 22:44:57.462000','Online')
COMMIT
INSERT INTO LOG_AUDIT VALUES(618097,'2013-05-28 22:45:30.924000','Online')
COMMIT
/*C1*/INSERT INTO LOB_IDS VALUES(186,447,2147483647,40)
ALTER SEQUENCE SYSTEM_LOBS.LOB_ID RESTART WITH 187
COMMIT
DELETE FROM BLOCKS WHERE BLOCK_ADDR=185
INSERT INTO BLOCKS VALUES(185,1,0)
INSERT INTO BLOCKS VALUES(186,2147483461,0)
DELETE FROM BLOCKS WHERE BLOCK_ADDR=185
INSERT INTO LOBS VALUES(185,1,0,186)
COMMIT
/*C8*/INSERT INTO JOURNAL_FILE VALUES(10095,'PMS10013','2013-05-28 22:45:43.000000',186,'O',1)
SET SCHEMA SYSTEM_LOBS
DELETE FROM LOB_IDS WHERE LOB_ID=186
INSERT INTO LOB_IDS VALUES(186,447,1,40)
COMMIT
/*C1*/INSERT INTO LOB_IDS VALUES(187,447,2147483647,40)
ALTER SEQUENCE SYSTEM_LOBS.LOB_ID RESTART WITH 188
COMMIT
DELETE FROM BLOCKS WHERE BLOCK_ADDR=186
INSERT INTO BLOCKS VALUES(186,1,0)
INSERT INTO BLOCKS VALUES(187,2147483460,0)
DELETE FROM BLOCKS WHERE BLOCK_ADDR=186
INSERT INTO LOBS VALUES(186,1,0,187)
COMMIT
/*C8*/SET SCHEMA PUBLIC
INSERT INTO EHR_CENTRAL VALUES(10092,'PMS10013','2013-05-28 22:45:44.574000',187,NULL)
SET SCHEMA SYSTEM_LOBS
DELETE FROM LOB_IDS WHERE LOB_ID=187
INSERT INTO LOB_IDS VALUES(187,447,1,40)
COMMIT
SET SCHEMA PUBLIC
DELETE FROM JOURNAL_FILE WHERE TXNCODE=10095
INSERT INTO JOURNAL_FILE VALUES(10095,'PMS10013','2013-05-28 22:45:43.000000',186,'T',1)
SET SCHEMA SYSTEM_LOBS
DELETE FROM LOB_IDS WHERE LOB_ID=186
INSERT INTO LOB_IDS VALUES(186,447,0,40)
DELETE FROM LOB_IDS WHERE LOB_ID=186
INSERT INTO LOB_IDS VALUES(186,447,1,40)
COMMIT
SET SCHEMA PUBLIC
INSERT INTO LOG_AUDIT VALUES(618098,'2013-05-28 22:45:47.522000','Online')
COMMIT
DELETE FROM PMS_EPISODE WHERE PMI_NO='PMS10013' AND EPISODE_DATE='28/05/2013' AND EPISODE_TIME=' 22:44:46'
INSERT INTO PMS_EPISODE VALUES('PMS10013','28/05/2013','umar mukhtar','891031065213','-','-','-','-','General Outpatient','Walk-in','-','Public','Student','Outpatient Discipline','-','Consultation Room 2','-','-','Disabled','No','-','-','-','No','-','-','-',' 22:44:46','Discharge',NULL)
COMMIT
INSERT INTO LOG_AUDIT VALUES(618099,'2013-05-28 22:45:48.621000','Online')
COMMIT
INSERT INTO LOG_AUDIT VALUES(618100,'2013-05-28 22:45:48.697000','Online')
COMMIT
