/*C3*/SET SCHEMA PUBLIC
INSERT INTO ICD10_BLOCKS VALUES('A00','A09','01','Intestinal infectious diseases')
INSERT INTO ICD10_BLOCKS VALUES('A15','A19','01','Tuberculosis')
INSERT INTO ICD10_BLOCKS VALUES('A20','A28','01','Certain zoonotic bacterial diseases')
INSERT INTO ICD10_BLOCKS VALUES('A30','A49','01','Other bacterial diseases')
INSERT INTO ICD10_BLOCKS VALUES('A50','A64','01','Infections with a predominantly sexual mode of transmission')
INSERT INTO ICD10_BLOCKS VALUES('A65','A69','01','Other spirochaetal diseases')
INSERT INTO ICD10_BLOCKS VALUES('A70','A74','01','Other diseases caused by chlamydiae')
INSERT INTO ICD10_BLOCKS VALUES('A75','A79','01','Rickettsioses')
INSERT INTO ICD10_BLOCKS VALUES('A80','A89','01','Viral infections of the central nervous system')
INSERT INTO ICD10_BLOCKS VALUES('A90','A99','01','Arthropod-borne viral fevers and viral haemorrhagic fevers')
INSERT INTO ICD10_BLOCKS VALUES('B00','B09','01','Viral infections characterized by skin and mucous membrane lesions')
INSERT INTO ICD10_BLOCKS VALUES('B15','B19','01','Viral hepatitis')
INSERT INTO ICD10_BLOCKS VALUES('B20','B24','01','Human immunodeficiency virus [HIV] disease')
INSERT INTO ICD10_BLOCKS VALUES('B25','B34','01','Other viral diseases')
INSERT INTO ICD10_BLOCKS VALUES('B35','B49','01','Mycoses')
INSERT INTO ICD10_BLOCKS VALUES('B50','B64','01','Protozoal diseases')
INSERT INTO ICD10_BLOCKS VALUES('B65','B83','01','Helminthiases')
INSERT INTO ICD10_BLOCKS VALUES('B85','B89','01','Pediculosis, acariasis and other infestations')
INSERT INTO ICD10_BLOCKS VALUES('B90','B94','01','Sequelae of infectious and parasitic diseases')
INSERT INTO ICD10_BLOCKS VALUES('B95','B98','01','Bacterial, viral and other infectious agents')
INSERT INTO ICD10_BLOCKS VALUES('B99','B99','01','Other infectious diseases')
INSERT INTO ICD10_BLOCKS VALUES('C00','C14','02','Malignant neoplasms of lip, oral cavity and pharynx')
INSERT INTO ICD10_BLOCKS VALUES('C15','C26','02','Malignant neoplasms of digestive organs')
INSERT INTO ICD10_BLOCKS VALUES('C30','C39','02','Malignant neoplasms of respiratory and intrathoracic organs')
INSERT INTO ICD10_BLOCKS VALUES('C40','C41','02','Malignant neoplasms of bone and articular cartilage')
INSERT INTO ICD10_BLOCKS VALUES('C43','C44','02','Melanoma and other malignant neoplasms of skin')
INSERT INTO ICD10_BLOCKS VALUES('C45','C49','02','Malignant neoplasms of mesothelial and soft tissue')
INSERT INTO ICD10_BLOCKS VALUES('C50','C50','02','Malignant neoplasm of breast')
INSERT INTO ICD10_BLOCKS VALUES('C51','C58','02','Malignant neoplasms of female genital organs')
INSERT INTO ICD10_BLOCKS VALUES('C60','C63','02','Malignant neoplasms of male genital organs')
INSERT INTO ICD10_BLOCKS VALUES('C64','C68','02','Malignant neoplasms of urinary tract')
INSERT INTO ICD10_BLOCKS VALUES('C69','C72','02','Malignant neoplasms of eye, brain and other parts of central nervous system')
INSERT INTO ICD10_BLOCKS VALUES('C73','C75','02','Malignant neoplasms of thyroid and other endocrine glands')
INSERT INTO ICD10_BLOCKS VALUES('C76','C80','02','Malignant neoplasms of ill-defined, secondary and unspecified sites')
INSERT INTO ICD10_BLOCKS VALUES('C81','C96','02','Malignant neoplasms, stated or presumed to be primary, of lymphoid, haematopoietic and related tissue')
INSERT INTO ICD10_BLOCKS VALUES('C97','C97','02','Malignant neoplasms of independent (primary) multiple sites')
INSERT INTO ICD10_BLOCKS VALUES('D00','D09','02','In situ neoplasms')
INSERT INTO ICD10_BLOCKS VALUES('D10','D36','02','Benign neoplasms')
INSERT INTO ICD10_BLOCKS VALUES('D37','D48','02','Neoplasms of uncertain or unknown behaviour')
INSERT INTO ICD10_BLOCKS VALUES('D50','D53','03','Nutritional anaemias')
INSERT INTO ICD10_BLOCKS VALUES('D55','D59','03','Haemolytic anaemias')
INSERT INTO ICD10_BLOCKS VALUES('D60','D64','03','Aplastic and other anaemias')
INSERT INTO ICD10_BLOCKS VALUES('D65','D69','03','Coagulation defects, purpura and other haemorrhagic conditions')
INSERT INTO ICD10_BLOCKS VALUES('D70','D77','03','Other diseases of blood and blood-forming organs')
INSERT INTO ICD10_BLOCKS VALUES('D80','D89','03','Certain disorders involving the immune mechanism')
INSERT INTO ICD10_BLOCKS VALUES('E00','E07','04','Disorders of thyroid gland')
INSERT INTO ICD10_BLOCKS VALUES('E10','E14','04','Diabetes mellitus')
INSERT INTO ICD10_BLOCKS VALUES('E15','E16','04','Other disorders of glucose regulation and pancreatic internal secretion')
INSERT INTO ICD10_BLOCKS VALUES('E20','E35','04','Disorders of other endocrine glands')
INSERT INTO ICD10_BLOCKS VALUES('E40','E46','04','Malnutrition')
INSERT INTO ICD10_BLOCKS VALUES('E50','E64','04','Other nutritional deficiencies')
INSERT INTO ICD10_BLOCKS VALUES('E65','E68','04','Obesity and other hyperalimentation')
INSERT INTO ICD10_BLOCKS VALUES('E70','E90','04','Metabolic disorders')
INSERT INTO ICD10_BLOCKS VALUES('F00','F09','05','Organic, including symptomatic, mental disorders')
INSERT INTO ICD10_BLOCKS VALUES('F10','F19','05','Mental and behavioural disorders due to psychoactive substance use')
INSERT INTO ICD10_BLOCKS VALUES('F20','F29','05','Schizophrenia, schizotypal and delusional disorders')
INSERT INTO ICD10_BLOCKS VALUES('F30','F39','05','Mood [affective] disorders')
INSERT INTO ICD10_BLOCKS VALUES('F40','F48','05','Neurotic, stress-related and somatoform disorders')
INSERT INTO ICD10_BLOCKS VALUES('F50','F59','05','Behavioural syndromes associated with physiological disturbances and physical factors')
INSERT INTO ICD10_BLOCKS VALUES('F60','F69','05','Disorders of adult personality and behaviour')
INSERT INTO ICD10_BLOCKS VALUES('F70','F79','05','Mental retardation')
INSERT INTO ICD10_BLOCKS VALUES('F80','F89','05','Disorders of psychological development')
INSERT INTO ICD10_BLOCKS VALUES('F90','F98','05','Behavioural and emotional disorders with onset usually occurring in childhood and adolescence')
INSERT INTO ICD10_BLOCKS VALUES('F99','F99','05','Unspecified mental disorder')
INSERT INTO ICD10_BLOCKS VALUES('G00','G09','06','Inflammatory diseases of the central nervous system')
INSERT INTO ICD10_BLOCKS VALUES('G10','G14','06','Systemic atrophies primarily affecting the central nervous system')
INSERT INTO ICD10_BLOCKS VALUES('G20','G26','06','Extrapyramidal and movement disorders')
INSERT INTO ICD10_BLOCKS VALUES('G30','G32','06','Other degenerative diseases of the nervous system')
INSERT INTO ICD10_BLOCKS VALUES('G35','G37','06','Demyelinating diseases of the central nervous system')
INSERT INTO ICD10_BLOCKS VALUES('G40','G47','06','Episodic and paroxysmal disorders')
INSERT INTO ICD10_BLOCKS VALUES('G50','G59','06','Nerve, nerve root and plexus disorders')
INSERT INTO ICD10_BLOCKS VALUES('G60','G64','06','Polyneuropathies and other disorders of the peripheral nervous system')
INSERT INTO ICD10_BLOCKS VALUES('G70','G73','06','Diseases of myoneural junction and muscle')
INSERT INTO ICD10_BLOCKS VALUES('G80','G83','06','Cerebral palsy and other paralytic syndromes')
INSERT INTO ICD10_BLOCKS VALUES('G90','G99','06','Other disorders of the nervous system')
INSERT INTO ICD10_BLOCKS VALUES('H00','H06','07','Disorders of eyelid, lacrimal system and orbit')
INSERT INTO ICD10_BLOCKS VALUES('H10','H13','07','Disorders of conjunctiva')
INSERT INTO ICD10_BLOCKS VALUES('H15','H22','07','Disorders of sclera, cornea, iris and ciliary body')
INSERT INTO ICD10_BLOCKS VALUES('H25','H28','07','Disorders of lens')
INSERT INTO ICD10_BLOCKS VALUES('H30','H36','07','Disorders of choroid and retina')
INSERT INTO ICD10_BLOCKS VALUES('H40','H42','07','Glaucoma')
INSERT INTO ICD10_BLOCKS VALUES('H43','H45','07','Disorders of vitreous body and globe')
INSERT INTO ICD10_BLOCKS VALUES('H46','H48','07','Disorders of optic nerve and visual pathways')
INSERT INTO ICD10_BLOCKS VALUES('H49','H52','07','Disorders of ocular muscles, binocular movement, accommodation and refraction')
INSERT INTO ICD10_BLOCKS VALUES('H53','H54','07','Visual disturbances and blindness')
INSERT INTO ICD10_BLOCKS VALUES('H55','H59','07','Other disorders of eye and adnexa')
INSERT INTO ICD10_BLOCKS VALUES('H60','H62','08','Diseases of external ear')
INSERT INTO ICD10_BLOCKS VALUES('H65','H75','08','Diseases of middle ear and mastoid')
INSERT INTO ICD10_BLOCKS VALUES('H80','H83','08','Diseases of inner ear')
INSERT INTO ICD10_BLOCKS VALUES('H90','H95','08','Other disorders of ear')
INSERT INTO ICD10_BLOCKS VALUES('I00','I02','09','Acute rheumatic fever')
INSERT INTO ICD10_BLOCKS VALUES('I05','I09','09','Chronic rheumatic heart diseases')
INSERT INTO ICD10_BLOCKS VALUES('I10','I15','09','Hypertensive diseases')
INSERT INTO ICD10_BLOCKS VALUES('I20','I25','09','Ischaemic heart diseases')
INSERT INTO ICD10_BLOCKS VALUES('I26','I28','09','Pulmonary heart disease and diseases of pulmonary circulation')
INSERT INTO ICD10_BLOCKS VALUES('I30','I52','09','Other forms of heart disease')
INSERT INTO ICD10_BLOCKS VALUES('I60','I69','09','Cerebrovascular diseases')
INSERT INTO ICD10_BLOCKS VALUES('I70','I79','09','Diseases of arteries, arterioles and capillaries')
INSERT INTO ICD10_BLOCKS VALUES('I80','I89','09','Diseases of veins, lymphatic vessels and lymph nodes, not elsewhere classified')
INSERT INTO ICD10_BLOCKS VALUES('I95','I99','09','Other and unspecified disorders of the circulatory system')
INSERT INTO ICD10_BLOCKS VALUES('J00','J06','10','Acute upper respiratory infections')
INSERT INTO ICD10_BLOCKS VALUES('J09','J18','10','Influenza and pneumonia')
INSERT INTO ICD10_BLOCKS VALUES('J20','J22','10','Other acute lower respiratory infections')
INSERT INTO ICD10_BLOCKS VALUES('J30','J39','10','Other diseases of upper respiratory tract')
INSERT INTO ICD10_BLOCKS VALUES('J40','J47','10','Chronic lower respiratory diseases')
INSERT INTO ICD10_BLOCKS VALUES('J60','J70','10','Lung diseases due to external agents')
INSERT INTO ICD10_BLOCKS VALUES('J80','J84','10','Other respiratory diseases principally affecting the interstitium')
INSERT INTO ICD10_BLOCKS VALUES('J85','J86','10','Suppurative and necrotic conditions of lower respiratory tract')
INSERT INTO ICD10_BLOCKS VALUES('J90','J94','10','Other diseases of pleura')
INSERT INTO ICD10_BLOCKS VALUES('J95','J99','10','Other diseases of the respiratory system')
INSERT INTO ICD10_BLOCKS VALUES('K00','K14','11','Diseases of oral cavity, salivary glands and jaws')
INSERT INTO ICD10_BLOCKS VALUES('K20','K31','11','Diseases of oesophagus, stomach and duodenum')
INSERT INTO ICD10_BLOCKS VALUES('K35','K38','11','Diseases of appendix')
INSERT INTO ICD10_BLOCKS VALUES('K40','K46','11','Hernia')
INSERT INTO ICD10_BLOCKS VALUES('K50','K52','11','Noninfective enteritis and colitis')
INSERT INTO ICD10_BLOCKS VALUES('K55','K63','11','Other diseases of intestines')
INSERT INTO ICD10_BLOCKS VALUES('K65','K67','11','Diseases of peritoneum')
INSERT INTO ICD10_BLOCKS VALUES('K70','K77','11','Diseases of liver')
INSERT INTO ICD10_BLOCKS VALUES('K80','K87','11','Disorders of gallbladder, biliary tract and pancreas')
INSERT INTO ICD10_BLOCKS VALUES('K90','K93','11','Other diseases of the digestive system')
INSERT INTO ICD10_BLOCKS VALUES('L00','L08','12','Infections of the skin and subcutaneous tissue')
INSERT INTO ICD10_BLOCKS VALUES('L10','L14','12','Bullous disorders')
INSERT INTO ICD10_BLOCKS VALUES('L20','L30','12','Dermatitis and eczema')
INSERT INTO ICD10_BLOCKS VALUES('L40','L45','12','Papulosquamous disorders')
INSERT INTO ICD10_BLOCKS VALUES('L50','L54','12','Urticaria and erythema')
INSERT INTO ICD10_BLOCKS VALUES('L55','L59','12','Radiation-related disorders of the skin and subcutaneous tissue')
INSERT INTO ICD10_BLOCKS VALUES('L60','L75','12','Disorders of skin appendages')
INSERT INTO ICD10_BLOCKS VALUES('L80','L99','12','Other disorders of the skin and subcutaneous tissue')
INSERT INTO ICD10_BLOCKS VALUES('M00','M03','13','Infectious arthropathies')
INSERT INTO ICD10_BLOCKS VALUES('M05','M14','13','Inflammatory polyarthropathies')
INSERT INTO ICD10_BLOCKS VALUES('M15','M19','13','Arthrosis')
INSERT INTO ICD10_BLOCKS VALUES('M20','M25','13','Other joint disorders')
INSERT INTO ICD10_BLOCKS VALUES('M30','M36','13','Systemic connective tissue disorders')
INSERT INTO ICD10_BLOCKS VALUES('M40','M43','13','Deforming dorsopathies')
INSERT INTO ICD10_BLOCKS VALUES('M45','M49','13','Spondylopathies')
INSERT INTO ICD10_BLOCKS VALUES('M50','M54','13','Other dorsopathies')
INSERT INTO ICD10_BLOCKS VALUES('M60','M63','13','Disorders of muscles')
INSERT INTO ICD10_BLOCKS VALUES('M65','M68','13','Disorders of synovium and tendon')
INSERT INTO ICD10_BLOCKS VALUES('M70','M79','13','Other soft tissue disorders')
INSERT INTO ICD10_BLOCKS VALUES('M80','M85','13','Disorders of bone density and structure')
INSERT INTO ICD10_BLOCKS VALUES('M86','M90','13','Other osteopathies')
INSERT INTO ICD10_BLOCKS VALUES('M91','M94','13','Chondropathies')
INSERT INTO ICD10_BLOCKS VALUES('M95','M99','13','Other disorders of the musculoskeletal system and connective tissue')
INSERT INTO ICD10_BLOCKS VALUES('N00','N08','14','Glomerular diseases')
INSERT INTO ICD10_BLOCKS VALUES('N10','N16','14','Renal tubulo-interstitial diseases')
INSERT INTO ICD10_BLOCKS VALUES('N17','N19','14','Renal failure')
INSERT INTO ICD10_BLOCKS VALUES('N20','N23','14','Urolithiasis')
INSERT INTO ICD10_BLOCKS VALUES('N25','N29','14','Other disorders of kidney and ureter')
INSERT INTO ICD10_BLOCKS VALUES('N30','N39','14','Other diseases of urinary system')
INSERT INTO ICD10_BLOCKS VALUES('N40','N51','14','Diseases of male genital organs')
INSERT INTO ICD10_BLOCKS VALUES('N60','N64','14','Disorders of breast')
INSERT INTO ICD10_BLOCKS VALUES('N70','N77','14','Inflammatory diseases of female pelvic organs')
INSERT INTO ICD10_BLOCKS VALUES('N80','N98','14','Noninflammatory disorders of female genital tract')
INSERT INTO ICD10_BLOCKS VALUES('N99','N99','14','Other disorders of the genitourinary system')
INSERT INTO ICD10_BLOCKS VALUES('O00','O08','15','Pregnancy with abortive outcome')
INSERT INTO ICD10_BLOCKS VALUES('O10','O16','15','Oedema, proteinuria and hypertensive disorders in pregnancy, childbirth and the puerperium')
INSERT INTO ICD10_BLOCKS VALUES('O20','O29','15','Other maternal disorders predominantly related to pregnancy')
INSERT INTO ICD10_BLOCKS VALUES('O30','O48','15','Maternal care related to the fetus and amniotic cavity and possible delivery problems')
INSERT INTO ICD10_BLOCKS VALUES('O60','O75','15','Complications of labour and delivery')
INSERT INTO ICD10_BLOCKS VALUES('O80','O84','15','Delivery')
INSERT INTO ICD10_BLOCKS VALUES('O85','O92','15','Complications predominantly related to the puerperium')
INSERT INTO ICD10_BLOCKS VALUES('O94','O99','15','Other obstetric conditions, not elsewhere classified')
INSERT INTO ICD10_BLOCKS VALUES('P00','P04','16','Fetus and newborn affected by maternal factors and by complications of pregnancy, labour and delivery')
INSERT INTO ICD10_BLOCKS VALUES('P05','P08','16','Disorders related to length of gestation and fetal growth')
INSERT INTO ICD10_BLOCKS VALUES('P10','P15','16','Birth trauma')
INSERT INTO ICD10_BLOCKS VALUES('P20','P29','16','Respiratory and cardiovascular disorders specific to the perinatal period')
INSERT INTO ICD10_BLOCKS VALUES('P35','P39','16','Infections specific to the perinatal period')
INSERT INTO ICD10_BLOCKS VALUES('P50','P61','16','Haemorrhagic and haematological disorders of fetus and newborn')
INSERT INTO ICD10_BLOCKS VALUES('P70','P74','16','Transitory endocrine and metabolic disorders specific to fetus and newborn')
INSERT INTO ICD10_BLOCKS VALUES('P75','P78','16','Digestive system disorders of fetus and newborn')
INSERT INTO ICD10_BLOCKS VALUES('P80','P83','16','Conditions involving the integument and temperature regulation of fetus and newborn')
INSERT INTO ICD10_BLOCKS VALUES('P90','P96','16','Other disorders originating in the perinatal period')
INSERT INTO ICD10_BLOCKS VALUES('Q00','Q07','17','Congenital malformations of the nervous system')
INSERT INTO ICD10_BLOCKS VALUES('Q10','Q18','17','Congenital malformations of eye, ear, face and neck')
INSERT INTO ICD10_BLOCKS VALUES('Q20','Q28','17','Congenital malformations of the circulatory system')
INSERT INTO ICD10_BLOCKS VALUES('Q30','Q34','17','Congenital malformations of the respiratory system')
INSERT INTO ICD10_BLOCKS VALUES('Q35','Q37','17','Cleft lip and cleft palate')
INSERT INTO ICD10_BLOCKS VALUES('Q38','Q45','17','Other congenital malformations of the digestive system')
INSERT INTO ICD10_BLOCKS VALUES('Q50','Q56','17','Congenital malformations of genital organs')
INSERT INTO ICD10_BLOCKS VALUES('Q60','Q64','17','Congenital malformations of the urinary system')
INSERT INTO ICD10_BLOCKS VALUES('Q65','Q79','17','Congenital malformations and deformations of the musculoskeletal system')
INSERT INTO ICD10_BLOCKS VALUES('Q80','Q89','17','Other congenital malformations')
INSERT INTO ICD10_BLOCKS VALUES('Q90','Q99','17','Chromosomal abnormalities, not elsewhere classified')
INSERT INTO ICD10_BLOCKS VALUES('R00','R09','18','Symptoms and signs involving the circulatory and respiratory systems')
INSERT INTO ICD10_BLOCKS VALUES('R10','R19','18','Symptoms and signs involving the digestive system and abdomen')
INSERT INTO ICD10_BLOCKS VALUES('R20','R23','18','Symptoms and signs involving the skin and subcutaneous tissue')
INSERT INTO ICD10_BLOCKS VALUES('R25','R29','18','Symptoms and signs involving the nervous and musculoskeletal systems')
INSERT INTO ICD10_BLOCKS VALUES('R30','R39','18','Symptoms and signs involving the urinary system')
INSERT INTO ICD10_BLOCKS VALUES('R40','R46','18','Symptoms and signs involving cognition, perception, emotional state and behaviour')
INSERT INTO ICD10_BLOCKS VALUES('R47','R49','18','Symptoms and signs involving speech and voice')
INSERT INTO ICD10_BLOCKS VALUES('R50','R69','18','General symptoms and signs')
INSERT INTO ICD10_BLOCKS VALUES('R70','R79','18','Abnormal findings on examination of blood, without diagnosis')
INSERT INTO ICD10_BLOCKS VALUES('R80','R82','18','Abnormal findings on examination of urine, without diagnosis')
INSERT INTO ICD10_BLOCKS VALUES('R83','R89','18','Abnormal findings on examination of other body fluids, substances and tissues, without diagnosis')
INSERT INTO ICD10_BLOCKS VALUES('R90','R94','18','Abnormal findings on diagnostic imaging and in function studies, without diagnosis')
INSERT INTO ICD10_BLOCKS VALUES('R95','R99','18','Ill-defined and unknown causes of mortality')
INSERT INTO ICD10_BLOCKS VALUES('S00','S09','19','Injuries to the head')
INSERT INTO ICD10_BLOCKS VALUES('S10','S19','19','Injuries to the neck')
INSERT INTO ICD10_BLOCKS VALUES('S20','S29','19','Injuries to the thorax')
INSERT INTO ICD10_BLOCKS VALUES('S30','S39','19','Injuries to the abdomen, lower back, lumbar spine and pelvis')
INSERT INTO ICD10_BLOCKS VALUES('S40','S49','19','Injuries to the shoulder and upper arm')
INSERT INTO ICD10_BLOCKS VALUES('S50','S59','19','Injuries to the elbow and forearm')
INSERT INTO ICD10_BLOCKS VALUES('S60','S69','19','Injuries to the wrist and hand')
INSERT INTO ICD10_BLOCKS VALUES('S70','S79','19','Injuries to the hip and thigh')
INSERT INTO ICD10_BLOCKS VALUES('S80','S89','19','Injuries to the knee and lower leg')
INSERT INTO ICD10_BLOCKS VALUES('S90','S99','19','Injuries to the ankle and foot')
INSERT INTO ICD10_BLOCKS VALUES('T00','T07','19','Injuries involving multiple body regions')
INSERT INTO ICD10_BLOCKS VALUES('T08','T14','19','Injuries to unspecified part of trunk, limb or body region')
INSERT INTO ICD10_BLOCKS VALUES('T15','T19','19','Effects of foreign body entering through natural orifice')
INSERT INTO ICD10_BLOCKS VALUES('T20','T25','19','Burns and corrosions of external body surface, specified by site')
INSERT INTO ICD10_BLOCKS VALUES('T26','T28','19','Burns and corrosions confined to eye and internal organs')
INSERT INTO ICD10_BLOCKS VALUES('T29','T32','19','Burns and corrosions of multiple and unspecified body regions')
INSERT INTO ICD10_BLOCKS VALUES('T33','T35','19','Frostbite')
INSERT INTO ICD10_BLOCKS VALUES('T36','T50','19','Poisoning by drugs, medicaments and biological substances')
INSERT INTO ICD10_BLOCKS VALUES('T51','T65','19','Toxic effects of substances chiefly nonmedicinal as to source')
INSERT INTO ICD10_BLOCKS VALUES('T66','T78','19','Other and unspecified effects of external causes')
INSERT INTO ICD10_BLOCKS VALUES('T79','T79','19','Certain early complications of trauma')
INSERT INTO ICD10_BLOCKS VALUES('T80','T88','19','Complications of surgical and medical care, not elsewhere classified')
INSERT INTO ICD10_BLOCKS VALUES('T90','T98','19','Sequelae of injuries, of poisoning and of other consequences of external causes')
INSERT INTO ICD10_BLOCKS VALUES('U00','U49','22','Provisional assignment of new diseases of uncertain etiology')
INSERT INTO ICD10_BLOCKS VALUES('U80','U89','22','Bacterial agents resistant to antibiotics')
INSERT INTO ICD10_BLOCKS VALUES('V01','V09','20','Pedestrian injured in transport accident')
INSERT INTO ICD10_BLOCKS VALUES('V10','V19','20','Pedal cyclist injured in transport accident')
INSERT INTO ICD10_BLOCKS VALUES('V20','V29','20','Motorcycle rider injured in transport accident')
INSERT INTO ICD10_BLOCKS VALUES('V30','V39','20','Occupant of three-wheeled motor vehicle injured in transport accident')
INSERT INTO ICD10_BLOCKS VALUES('V40','V49','20','Car occupant injured in transport accident')
INSERT INTO ICD10_BLOCKS VALUES('V50','V59','20','Occupant of pick-up truck or van injured in transport accident')
INSERT INTO ICD10_BLOCKS VALUES('V60','V69','20','Occupant of heavy transport vehicle injured in transport accident')
INSERT INTO ICD10_BLOCKS VALUES('V70','V79','20','Bus occupant injured in transport accident')
INSERT INTO ICD10_BLOCKS VALUES('V80','V89','20','Other land transport accidents')
INSERT INTO ICD10_BLOCKS VALUES('V90','V94','20','Water transport accidents')
INSERT INTO ICD10_BLOCKS VALUES('V95','V97','20','Air and space transport accidents')
INSERT INTO ICD10_BLOCKS VALUES('V98','V99','20','Other and unspecified transport accidents')
INSERT INTO ICD10_BLOCKS VALUES('W00','W19','20','Falls')
INSERT INTO ICD10_BLOCKS VALUES('W20','W49','20','Exposure to inanimate mechanical forces')
INSERT INTO ICD10_BLOCKS VALUES('W50','W64','20','Exposure to animate mechanical forces')
INSERT INTO ICD10_BLOCKS VALUES('W65','W74','20','Accidental drowning and submersion')
INSERT INTO ICD10_BLOCKS VALUES('W75','W84','20','Other accidental threats to breathing')
INSERT INTO ICD10_BLOCKS VALUES('W85','W99','20','Exposure to electric current, radiation and extreme ambient air temperature and pressure')
INSERT INTO ICD10_BLOCKS VALUES('X00','X09','20','Exposure to smoke, fire and flames')
INSERT INTO ICD10_BLOCKS VALUES('X10','X19','20','Contact with heat and hot substances')
INSERT INTO ICD10_BLOCKS VALUES('X20','X29','20','Contact with venomous animals and plants')
INSERT INTO ICD10_BLOCKS VALUES('X30','X39','20','Exposure to forces of nature')
INSERT INTO ICD10_BLOCKS VALUES('X40','X49','20','Accidental poisoning by and exposure to noxious substances')
INSERT INTO ICD10_BLOCKS VALUES('X50','X57','20','Overexertion, travel and privation')
INSERT INTO ICD10_BLOCKS VALUES('X58','X59','20','Accidental exposure to other and unspecified factors')
INSERT INTO ICD10_BLOCKS VALUES('X60','X84','20','Intentional self-harm')
INSERT INTO ICD10_BLOCKS VALUES('X85','Y09','20','Assault')
INSERT INTO ICD10_BLOCKS VALUES('Y10','Y34','20','Event of undetermined intent')
INSERT INTO ICD10_BLOCKS VALUES('Y35','Y36','20','Legal intervention and operations of war')
INSERT INTO ICD10_BLOCKS VALUES('Y40','Y59','20','Drugs, medicaments and biological substances causing adverse effects in therapeutic use')
INSERT INTO ICD10_BLOCKS VALUES('Y60','Y69','20','Misadventures to patients during surgical and medical care')
INSERT INTO ICD10_BLOCKS VALUES('Y70','Y82','20','Medical devices associated with adverse incidents in diagnostic and therapeutic use')
INSERT INTO ICD10_BLOCKS VALUES('Y83','Y84','20','Surgical and other medical procedures as the cause of abnormal reaction of the patient, or of later complication, without mention of misadventure at the time of the procedure')
INSERT INTO ICD10_BLOCKS VALUES('Y85','Y89','20','Sequelae of external causes of morbidity and mortality')
INSERT INTO ICD10_BLOCKS VALUES('Y90','Y98','20','Supplementary factors related to causes of morbidity and mortality classified elsewhere')
INSERT INTO ICD10_BLOCKS VALUES('Z00','Z13','21','Persons encountering health services for examination and investigation')
INSERT INTO ICD10_BLOCKS VALUES('Z20','Z29','21','Persons with potential health hazards related to communicable diseases')
INSERT INTO ICD10_BLOCKS VALUES('Z30','Z39','21','Persons encountering health services in circumstances related to reproduction')
INSERT INTO ICD10_BLOCKS VALUES('Z40','Z54','21','Persons encountering health services for specific procedures and health care')
INSERT INTO ICD10_BLOCKS VALUES('Z55','Z65','21','Persons with potential health hazards related to socioeconomic and psychosocial circumstances')
INSERT INTO ICD10_BLOCKS VALUES('Z70','Z76','21','Persons encountering health services in other circumstances')
INSERT INTO ICD10_BLOCKS VALUES('Z80','Z99','21','Persons with potential health hazards related to family and personal history and certain conditions influencing health status')
COMMIT
INSERT INTO ICD10_CHAPTERS VALUES('16','Certain conditions originating in the perinatal period')
INSERT INTO ICD10_CHAPTERS VALUES('01','Certain infectious and parasitic diseases')
INSERT INTO ICD10_CHAPTERS VALUES('22','Codes for special purposes')
INSERT INTO ICD10_CHAPTERS VALUES('17','Congenital malformations, deformations and chromosomal abnormalities')
INSERT INTO ICD10_CHAPTERS VALUES('03','Diseases of the blood and blood-forming organs and certain disorders involving the immune mechanism')
INSERT INTO ICD10_CHAPTERS VALUES('09','Diseases of the circulatory system')
INSERT INTO ICD10_CHAPTERS VALUES('11','Diseases of the digestive system')
INSERT INTO ICD10_CHAPTERS VALUES('08','Diseases of the ear and mastoid process')
INSERT INTO ICD10_CHAPTERS VALUES('07','Diseases of the eye and adnexa')
INSERT INTO ICD10_CHAPTERS VALUES('14','Diseases of the genitourinary system')
INSERT INTO ICD10_CHAPTERS VALUES('13','Diseases of the musculoskeletal system and connective tissue')
INSERT INTO ICD10_CHAPTERS VALUES('06','Diseases of the nervous system')
INSERT INTO ICD10_CHAPTERS VALUES('10','Diseases of the respiratory system')
INSERT INTO ICD10_CHAPTERS VALUES('12','Diseases of the skin and subcutaneous tissue')
INSERT INTO ICD10_CHAPTERS VALUES('04','Endocrine, nutritional and metabolic diseases')
INSERT INTO ICD10_CHAPTERS VALUES('20','External causes of morbidity and mortality')
INSERT INTO ICD10_CHAPTERS VALUES('21','Factors influencing health status and contact with health services')
INSERT INTO ICD10_CHAPTERS VALUES('19','Injury, poisoning and certain other consequences of external causes')
INSERT INTO ICD10_CHAPTERS VALUES('05','Mental and behavioural disorders')
INSERT INTO ICD10_CHAPTERS VALUES('02','Neoplasms')
INSERT INTO ICD10_CHAPTERS VALUES('15','Pregnancy, childbirth and the puerperium')
INSERT INTO ICD10_CHAPTERS VALUES('18','Symptoms, signs and abnormal clinical and laboratory findings, not elsewhere classified')
COMMIT
