/*C4*/SET SCHEMA PUBLIC
DELETE FROM ADM_USER WHERE USER_ID='A001' AND HEALTH_FACILITY_CODE='Klinik UTeM Induk' AND PASSWORD='111' AND USER_NAME='DR. VIPER' AND OCCUPATION_CODE='DOCTOR' AND BIRTH_DATE='1989-10-31' AND SEX_CODE='Male' AND NEW_ICNO='891031065233' AND HOME_PHONE='-' AND OFFICE_PHONE='-' AND MOBILE_PHONE='0199737579' AND LOGIN_STATUS='1' AND USER_STATUS='1' AND E_MAIL='kidzeclipes@yahoo.com' AND ID_CATEGORY_CODE='Fixed' AND START_DATE='2012-09-01' AND END_DATE='2014-09-01' AND ROOM_NO IS NULL
INSERT INTO ADM_USER VALUES('A001','Klinik UTeM Induk','123','DR. SURAYA BINTI MUSTAFA','DOCTOR','1989-10-31','Male','891031065233','-','-','0199737579','1','1','kidzeclipes@yahoo.com','Fixed','2012-09-01','2014-09-01','3')
COMMIT
DELETE FROM ADM_USER_ACCESS WHERE HEALTH_FACILITY_CODE='Klinik UTeM Induk' AND USER_ID='A001' AND ROLE_CODE='DOCTOR' AND DISCIPLINE_CODE='Outpatient Discipline' AND SUBDISCIPLINE_CODE='-'
INSERT INTO ADM_USER_ACCESS VALUES('Klinik UTeM Induk','A001','-','-','-')
COMMIT
DELETE FROM ADM_USER WHERE USER_ID='A001' AND HEALTH_FACILITY_CODE='Klinik UTeM Induk' AND PASSWORD='123' AND USER_NAME='DR. SURAYA BINTI MUSTAFA' AND OCCUPATION_CODE='DOCTOR' AND BIRTH_DATE='1989-10-31' AND SEX_CODE='Male' AND NEW_ICNO='891031065233' AND HOME_PHONE='-' AND OFFICE_PHONE='-' AND MOBILE_PHONE='0199737579' AND LOGIN_STATUS='1' AND USER_STATUS='1' AND E_MAIL='kidzeclipes@yahoo.com' AND ID_CATEGORY_CODE='Fixed' AND START_DATE='2012-09-01' AND END_DATE='2014-09-01' AND ROOM_NO='3'
INSERT INTO ADM_USER VALUES('A001','Klinik UTeM Induk','123','DR. SURAYA BINTI MUSTAFA','DOCTOR','1989-10-31','Female','891031065233','-','-','0199737579','1','1','kidzeclipes@yahoo.com','Fixed','2012-09-01','2014-09-01','3')
COMMIT
DELETE FROM ADM_USER_ACCESS WHERE HEALTH_FACILITY_CODE='Klinik UTeM Induk' AND USER_ID='A001' AND ROLE_CODE='-' AND DISCIPLINE_CODE='-' AND SUBDISCIPLINE_CODE='-'
INSERT INTO ADM_USER_ACCESS VALUES('Klinik UTeM Induk','A001','DOCTOR','-','-')
COMMIT
/*C6*/SET SCHEMA PUBLIC
INSERT INTO PMS_EPISODE VALUES('9305180855147','26/10/2015','NUR UMIRA BINTI MUSTAFA','930518085514','-','Matric No.','B031210001','-','General Outpatient','Walk-in','-','Government','Student','Outpatient Discipline','-','-','Common Queue','-','Normal','-','-','-','-','-','-','-','-',' 01:59:04','Waiting','Klinik UTeM Induk')
COMMIT
DELETE FROM JOURNAL_FILE WHERE TXNCODE=267 AND PMI_NO='9305180855147' AND TXNDATE='2015-06-16 10:32:23.000000' AND TXNDATA='MSH|^~|CIS|Klinik UTeM Induk^Outpatient Discipline^-|CIS|Klinik UTeM Induk^Outpatient Discipline^-|2015-06-16  10:32:23|||||||||||||<cr>\u000aPDI|9305180855147|NUR UMIRA BINTI MUSTAFA^930518085514^-^Female^18/05/1993^-^-^|<cr>\u000aDGS|2015-06-16  10:32:23|tp001^Final^^16/06/2015^18R50R509^Fever, unspecified^18R50R509^Fever, unspecified^^-^^-^^^^-^^^ ^2015-06-16  10:32:23^^2015-06-16  10:32:23^Klinik UTeM Induk^umaq01^Umaq Mukhtar^|<cr>\u000a' AND STATUS='T' AND STATUS2=1
COMMIT
INSERT INTO JOURNAL_FILE VALUES(267,'9305180855147','2015-06-16 10:32:23.000000','MSH|^~|CIS|Klinik UTeM Induk^Outpatient Discipline^-|CIS|Klinik UTeM Induk^Outpatient Discipline^-|2015-06-16  10:32:23|||||||||||||<cr>\u000aPDI|9305180855147|NUR UMIRA BINTI MUSTAFA^930518085514^-^Female^18/05/1993^-^-^|<cr>\u000aDGS|2015-06-16  10:32:23|tp001^Final^^16/06/2015^18R50R509^Fever, unspecified^18R50R509^Fever, unspecified^^-^^-^^^^-^^^ ^2015-06-16  10:32:23^^2015-06-16  10:32:23^Klinik UTeM Induk^umaq01^Umaq Mukhtar^|<cr>\u000a','T',1)
COMMIT
ROLLBACK
